<?xml version="1.0" encoding="UTF-8"?>
<!-- Generated by org.testng.reporters.JUnitReportReporter -->
<testsuite hostname="DESKTOP-5TCP881" failures="0" tests="1" name="LoginPageTest.LoginPageTest" time="2.109" errors="0" timestamp="2024-01-17T11:16:38 IST" skipped="0">
  <testcase classname="LoginPageTest.LoginPageTest" name="validateLogin" time="2.109"/>
  <system-out/>
</testsuite> <!-- LoginPageTest.LoginPageTest -->
