<?xml version="1.0" encoding="UTF-8"?>
<!-- Generated by org.testng.reporters.JUnitReportReporter -->
<testsuite hostname="DESKTOP-5TCP881" failures="0" tests="1" name="LoginPageTest.PIMTest" time="6.410" errors="0" timestamp="2024-01-19T20:56:56 IST" skipped="0">
  <testcase classname="LoginPageTest.PIMTest" name="validateEmploySearchList" time="6.410"/>
  <system-out/>
</testsuite> <!-- LoginPageTest.PIMTest -->
