<?xml version="1.0" encoding="UTF-8"?>
<!-- Generated by org.testng.reporters.JUnitReportReporter -->
<testsuite hostname="DESKTOP-5TCP881" failures="0" tests="5" name="LoginPageTest.LoginPageTest" time="4.107" errors="0" timestamp="2024-01-17T16:50:20 IST" skipped="0">
  <testcase classname="LoginPageTest.LoginPageTest" name="validateCompanyLogo" time="0.774"/>
  <system-out/>
  <testcase classname="LoginPageTest.LoginPageTest" name="validateLoginTittle" time="0.089"/>
  <system-out/>
  <testcase classname="LoginPageTest.LoginPageTest" name="validateOrangeHRMLogo" time="0.077"/>
  <system-out/>
  <testcase classname="LoginPageTest.LoginPageTest" name="validateUsernameLabelAndPasswordLabel" time="0.147"/>
  <system-out/>
  <testcase classname="LoginPageTest.LoginPageTest" name="validateLogin" time="3.020"/>
  <system-out/>
</testsuite> <!-- LoginPageTest.LoginPageTest -->
