<?xml version="1.0" encoding="UTF-8"?>
<!-- Generated by org.testng.reporters.JUnitReportReporter -->
<testsuite hostname="DESKTOP-5TCP881" failures="0" tests="1" name="LoginPageTest.PIMTest" time="5.487" errors="0" timestamp="2024-01-17T19:37:33 IST" skipped="0">
  <testcase classname="LoginPageTest.PIMTest" name="validateEmploySearchList" time="5.487"/>
  <system-out/>
</testsuite> <!-- LoginPageTest.PIMTest -->
